2017-02-26 21:14:47 [util.log.LogUtil]-[INFO] [main] (LogUtil.java:23) -> [[Ljava.lang.String;@ee7d9f1, [Ljava.lang.String;@15615099, [Ljava.lang.String;@1edf1c96, [Ljava.lang.String;@368102c8, [Ljava.lang.String;@6996db8] 
2017-02-26 21:15:37 [util.log.LogUtil]-[INFO] [main] (LogUtil.java:23) -> [Ljava.lang.String;@ee7d9f1 
2017-02-26 21:16:05 [util.log.LogUtil]-[INFO] [main] (LogUtil.java:23) -> 84461376 
2017-02-26 21:20:59 [util.log.LogUtil]-[INFO] [main] (LogUtil.java:23) ->qq84461376qq 
2017-02-26 21:20:59 [util.log.LogUtil]-[INFO] [main] (LogUtil.java:23) ->84461376 
2017-02-26 21:20:59 [util.log.LogUtil]-[INFO] [main] (LogUtil.java:23) ->qq84461377qq 
2017-02-26 21:20:59 [util.log.LogUtil]-[INFO] [main] (LogUtil.java:23) ->84461377 
2017-02-26 21:20:59 [util.log.LogUtil]-[INFO] [main] (LogUtil.java:23) ->qq84461378qq 
2017-02-26 21:20:59 [util.log.LogUtil]-[INFO] [main] (LogUtil.java:23) ->84461378 
2017-02-26 21:20:59 [util.log.LogUtil]-[INFO] [main] (LogUtil.java:23) ->qq84461379qq 
2017-02-26 21:20:59 [util.log.LogUtil]-[INFO] [main] (LogUtil.java:23) ->84461379 
2017-02-26 21:20:59 [util.log.LogUtil]-[INFO] [main] (LogUtil.java:23) ->qq84461376qq 
2017-02-26 21:20:59 [util.log.LogUtil]-[INFO] [main] (LogUtil.java:23) ->84461376 
2017-02-26 21:21:21 [util.log.LogUtil]-[INFO] [main] (LogUtil.java:23) ->84461376 
2017-02-26 21:21:21 [util.log.LogUtil]-[INFO] [main] (LogUtil.java:23) ->84461377 
2017-02-26 21:21:21 [util.log.LogUtil]-[INFO] [main] (LogUtil.java:23) ->84461378 
2017-02-26 21:21:21 [util.log.LogUtil]-[INFO] [main] (LogUtil.java:23) ->84461379 
2017-02-26 21:21:21 [util.log.LogUtil]-[INFO] [main] (LogUtil.java:23) ->84461376 
2017-02-26 22:10:45 [util.log.LogUtil]-[INFO] [main] (LogUtil.java:23) ->qq84461376qq 
2017-02-26 22:10:45 [util.log.LogUtil]-[INFO] [main] (LogUtil.java:23) ->qq84461377qq 
2017-02-26 22:10:45 [util.log.LogUtil]-[INFO] [main] (LogUtil.java:23) ->qq84461378qq 
2017-02-26 22:10:45 [util.log.LogUtil]-[INFO] [main] (LogUtil.java:23) ->qq84461379qq 
2017-02-26 22:10:45 [util.log.LogUtil]-[INFO] [main] (LogUtil.java:23) ->qq84461376qq 
2017-02-26 22:11:57 [util.log.LogUtil]-[INFO] [main] (LogUtil.java:23) ->qq84461376qq 
2017-02-26 22:11:57 [util.log.LogUtil]-[INFO] [main] (LogUtil.java:23) ->qq84461377qq 
2017-02-26 22:11:57 [util.log.LogUtil]-[INFO] [main] (LogUtil.java:23) ->qq84461378qq 
2017-02-26 22:11:57 [util.log.LogUtil]-[INFO] [main] (LogUtil.java:23) ->qq84461379qq 
2017-02-26 22:11:57 [util.log.LogUtil]-[INFO] [main] (LogUtil.java:23) ->qq84461376qq 
2017-02-26 22:19:39 [util.log.LogUtil]-[INFO] [main] (LogUtil.java:23) ->84461376 
2017-02-26 22:19:39 [util.log.LogUtil]-[INFO] [main] (LogUtil.java:23) ->84461377 
2017-02-26 22:19:39 [util.log.LogUtil]-[INFO] [main] (LogUtil.java:23) ->84461378 
2017-02-26 22:19:39 [util.log.LogUtil]-[INFO] [main] (LogUtil.java:23) ->84461379 
2017-02-26 22:19:39 [util.log.LogUtil]-[INFO] [main] (LogUtil.java:23) ->84461376 
2017-02-26 22:19:54 [util.log.LogUtil]-[INFO] [main] (LogUtil.java:23) ->qq84461376qq 
2017-02-26 22:19:54 [util.log.LogUtil]-[INFO] [main] (LogUtil.java:23) ->84461376 
2017-02-26 22:19:54 [util.log.LogUtil]-[INFO] [main] (LogUtil.java:23) ->qq84461377qq 
2017-02-26 22:19:54 [util.log.LogUtil]-[INFO] [main] (LogUtil.java:23) ->84461377 
2017-02-26 22:19:54 [util.log.LogUtil]-[INFO] [main] (LogUtil.java:23) ->qq84461378qq 
2017-02-26 22:19:54 [util.log.LogUtil]-[INFO] [main] (LogUtil.java:23) ->84461378 
2017-02-26 22:19:54 [util.log.LogUtil]-[INFO] [main] (LogUtil.java:23) ->qq84461379qq 
2017-02-26 22:19:54 [util.log.LogUtil]-[INFO] [main] (LogUtil.java:23) ->84461379 
2017-02-26 22:19:54 [util.log.LogUtil]-[INFO] [main] (LogUtil.java:23) ->qq84461376qq 
2017-02-26 22:19:54 [util.log.LogUtil]-[INFO] [main] (LogUtil.java:23) ->84461376 
